mode: set
device-manager/internal/repository/device.go:20.73,22.2 1 1
device-manager/internal/repository/device.go:24.103,27.16 3 1
device-manager/internal/repository/device.go:27.16,29.3 1 1
device-manager/internal/repository/device.go:30.2,31.20 2 1
device-manager/internal/repository/device.go:34.96,39.16 3 1
device-manager/internal/repository/device.go:39.16,41.3 1 1
device-manager/internal/repository/device.go:42.2,42.21 1 1
device-manager/internal/repository/device.go:45.85,54.16 3 1
device-manager/internal/repository/device.go:54.16,56.3 1 1
device-manager/internal/repository/device.go:57.2,57.31 1 1
device-manager/internal/repository/device.go:57.31,59.3 1 1
device-manager/internal/repository/device.go:60.2,60.12 1 1
device-manager/internal/repository/device.go:63.75,67.16 2 1
device-manager/internal/repository/device.go:67.16,69.3 1 1
device-manager/internal/repository/device.go:70.2,70.30 1 1
device-manager/internal/repository/device.go:70.30,73.3 1 1
device-manager/internal/repository/device.go:74.2,74.12 1 1
device-manager/internal/repository/event.go:20.71,22.2 1 1
device-manager/internal/repository/event.go:24.99,27.25 3 1
device-manager/internal/repository/event.go:27.25,29.3 1 1
device-manager/internal/repository/event.go:30.2,32.16 3 1
device-manager/internal/repository/event.go:32.16,34.3 1 1
device-manager/internal/repository/event.go:35.2,36.19 2 1
device-manager/internal/repository/event.go:39.127,42.24 3 1
device-manager/internal/repository/event.go:42.24,44.3 1 1
device-manager/internal/repository/event.go:45.2,50.16 3 1
device-manager/internal/repository/event.go:50.16,52.3 1 1
device-manager/internal/repository/event.go:53.2,54.23 2 1
device-manager/internal/repository/event.go:54.23,57.17 3 1
device-manager/internal/repository/event.go:57.17,59.4 1 0
device-manager/internal/repository/event.go:60.3,60.33 1 1
device-manager/internal/repository/event.go:62.2,62.20 1 1
