mode: set
device-manager/internal/repository/device.go:20.73,22.2 1 1
device-manager/internal/repository/device.go:24.103,27.16 3 1
device-manager/internal/repository/device.go:30.2,31.20 2 1
device-manager/internal/repository/device.go:27.16,29.3 1 1
device-manager/internal/repository/device.go:34.104,39.16 3 0
device-manager/internal/repository/device.go:42.2,42.21 1 0
device-manager/internal/repository/device.go:39.16,41.3 1 0
device-manager/internal/repository/device.go:45.96,50.16 3 1
device-manager/internal/repository/device.go:53.2,53.21 1 1
device-manager/internal/repository/device.go:50.16,52.3 1 1
device-manager/internal/repository/device.go:56.85,65.16 3 1
device-manager/internal/repository/device.go:68.2,68.31 1 1
device-manager/internal/repository/device.go:71.2,71.12 1 1
device-manager/internal/repository/device.go:65.16,67.3 1 0
device-manager/internal/repository/device.go:68.31,70.3 1 0
device-manager/internal/repository/device.go:74.75,78.16 2 1
device-manager/internal/repository/device.go:81.2,81.30 1 1
device-manager/internal/repository/device.go:84.2,84.12 1 1
device-manager/internal/repository/device.go:78.16,80.3 1 0
device-manager/internal/repository/device.go:81.30,83.3 1 1
device-manager/internal/repository/event.go:19.71,21.2 1 1
device-manager/internal/repository/event.go:23.82,31.16 3 1
device-manager/internal/repository/event.go:34.2,34.12 1 1
device-manager/internal/repository/event.go:31.16,33.3 1 1
device-manager/internal/repository/event.go:37.127,48.16 3 1
device-manager/internal/repository/event.go:51.2,52.23 2 1
device-manager/internal/repository/event.go:60.2,60.20 1 1
device-manager/internal/repository/event.go:48.16,50.3 1 1
device-manager/internal/repository/event.go:52.23,55.17 3 1
device-manager/internal/repository/event.go:58.3,58.33 1 1
device-manager/internal/repository/event.go:55.17,57.4 1 0
